TN:
SF:src\db.js
FN:6,getDb
FN:24,setDb
FNF:2
FNH:2
FNDA:10,getDb
FNDA:5,setDb
DA:1,1
DA:2,1
DA:4,1
DA:7,10
DA:8,0
DA:9,0
DA:10,0
DA:21,10
DA:25,5
DA:28,1
LF:10
LH:7
BRDA:7,0,0,0
BRDA:7,0,1,10
BRDA:8,1,0,0
BRDA:8,1,1,0
BRF:4
BRH:1
end_of_record
TN:
SF:src\seed.js
FN:8,seedOrders
FN:16,(anonymous_1)
FNF:2
FNH:0
FNDA:0,seedOrders
FNDA:0,(anonymous_1)
DA:1,2
DA:9,0
DA:10,0
DA:12,0
DA:16,0
DA:17,0
DA:21,2
LF:7
LH:2
BRDA:10,0,0,0
BRDA:10,0,1,0
BRF:2
BRH:0
end_of_record
TN:
SF:src\data\products.js
FNF:0
FNH:0
DA:1,0
DA:9,0
LF:2
LH:0
BRF:0
BRH:0
end_of_record
TN:
SF:src\data\users.js
FNF:0
FNH:0
DA:1,0
DA:7,0
LF:2
LH:0
BRF:0
BRH:0
end_of_record
TN:
SF:src\routes\orders.js
FN:7,parseOrder
FN:12,(anonymous_1)
FN:18,(anonymous_2)
FN:27,(anonymous_3)
FN:47,(anonymous_4)
FNF:5
FNH:4
FNDA:6,parseOrder
FNDA:0,(anonymous_1)
FNDA:4,(anonymous_2)
FNDA:2,(anonymous_3)
FNDA:1,(anonymous_4)
DA:1,1
DA:2,1
DA:3,1
DA:5,1
DA:8,6
DA:12,1
DA:13,0
DA:14,0
DA:18,1
DA:19,4
DA:22,4
DA:23,3
DA:27,1
DA:28,2
DA:29,2
DA:30,0
DA:34,2
DA:35,2
DA:40,2
DA:43,2
DA:47,1
DA:48,1
DA:49,1
DA:50,1
DA:51,1
DA:52,1
DA:53,0
DA:57,1
DA:58,1
DA:61,1
LF:30
LH:26
BRDA:22,0,0,1
BRDA:22,0,1,3
BRDA:29,1,0,0
BRDA:29,1,1,2
BRDA:29,2,0,2
BRDA:29,2,1,2
BRDA:29,2,2,2
BRDA:50,3,0,0
BRDA:50,3,1,1
BRDA:52,4,0,0
BRDA:52,4,1,1
BRF:11
BRH:8
end_of_record
TN:
SF:src\routes\products.js
FN:7,getProductsV1
FN:11,getProductsV2
FN:12,(anonymous_2)
FN:20,(anonymous_3)
FN:26,(anonymous_4)
FN:31,(anonymous_5)
FN:39,(anonymous_6)
FNF:7
FNH:5
FNDA:1,getProductsV1
FNDA:0,getProductsV2
FNDA:0,(anonymous_2)
FNDA:1,(anonymous_3)
FNDA:3,(anonymous_4)
FNDA:3,(anonymous_5)
FNDA:2,(anonymous_6)
DA:1,1
DA:2,1
DA:3,1
DA:5,1
DA:8,1
DA:12,0
DA:20,1
DA:21,1
DA:22,1
DA:26,1
DA:27,3
DA:28,3
DA:29,1
DA:31,3
DA:32,2
DA:33,1
DA:35,1
DA:39,1
DA:40,2
DA:41,2
DA:42,1
DA:44,1
DA:51,1
DA:52,1
DA:55,1
LF:25
LH:24
BRDA:21,0,0,0
BRDA:21,0,1,1
BRDA:28,1,0,1
BRDA:28,1,1,2
BRDA:32,2,0,1
BRDA:32,2,1,1
BRDA:41,3,0,1
BRDA:41,3,1,1
BRDA:41,4,0,2
BRDA:41,4,1,1
BRDA:48,5,0,1
BRDA:48,5,1,0
BRDA:49,6,0,1
BRDA:49,6,1,0
BRF:14
BRH:11
end_of_record
TN:
SF:src\routes\users.js
FN:7,getUsersV1
FN:11,getUsersV2
FN:13,(anonymous_2)
FN:14,(anonymous_3)
FN:19,(anonymous_4)
FN:25,(anonymous_5)
FN:27,(anonymous_6)
FN:35,(anonymous_7)
FNF:8
FNH:5
FNDA:1,getUsersV1
FNDA:0,getUsersV2
FNDA:0,(anonymous_2)
FNDA:0,(anonymous_3)
FNDA:1,(anonymous_4)
FNDA:2,(anonymous_5)
FNDA:4,(anonymous_6)
FNDA:2,(anonymous_7)
DA:1,1
DA:2,1
DA:3,1
DA:5,1
DA:8,1
DA:13,0
DA:14,0
DA:15,0
DA:19,1
DA:20,1
DA:21,1
DA:25,1
DA:26,2
DA:27,4
DA:28,2
DA:29,1
DA:31,1
DA:35,1
DA:36,2
DA:37,2
DA:38,1
DA:40,1
DA:46,1
DA:47,1
DA:50,1
LF:25
LH:22
BRDA:20,0,0,0
BRDA:20,0,1,1
BRDA:28,1,0,1
BRDA:28,1,1,1
BRDA:37,2,0,1
BRDA:37,2,1,1
BRDA:37,3,0,2
BRDA:37,3,1,2
BRF:8
BRH:7
end_of_record
